<?xml version="1.0" encoding="UTF-8"?>
<!-- Generated by org.testng.reporters.JUnitReportReporter -->
<testsuite hostname="DESKTOP-R4OAK6D" failures="0" tests="1" name="test.TC009_Bookingpagetest" time="8.124" errors="0" timestamp="2024-03-18T12:28:42 IST" skipped="0">
  <testcase classname="test.TC009_Bookingpagetest" name="checkin_Display" time="8.124"/>
  <system-out/>
</testsuite> <!-- test.TC009_Bookingpagetest -->
