<?xml version="1.0" encoding="UTF-8"?>
<!-- Generated by org.testng.reporters.JUnitReportReporter -->
<testsuite hostname="DESKTOP-R4OAK6D" failures="0" tests="1" name="test.TC003b_Roundtriptest" time="18.854" errors="0" timestamp="2024-03-18T11:38:11 IST" skipped="0">
  <testcase classname="test.TC003b_Roundtriptest" name="round_Trip" time="18.854"/>
</testsuite> <!-- test.TC003b_Roundtriptest -->
